Determining if the include file pthread.h exists failed with the following output:
Change Dir: C:/Users/paney/Documents/Studies/Animation_in_3D/EngineForAnimationCourse/out/build/x64-Debug/CMakeFiles/CMakeTmp

Run Build Command(s):C:/Program Files (x86)/Microsoft Visual Studio/2019/Community/Common7/IDE/CommonExtensions/Microsoft/CMake/Ninja/ninja.exe cmTC_b0cac && [1/2] Building C object CMakeFiles\cmTC_b0cac.dir\CheckIncludeFile.c.obj
FAILED: CMakeFiles/cmTC_b0cac.dir/CheckIncludeFile.c.obj 
C:\PROGRA~2\MIB055~1\2019\COMMUN~1\VC\Tools\MSVC\1429~1.301\bin\Hostx64\x64\cl.exe  /nologo   /DWIN32 /D_WINDOWS /W3  /MDd /Zi /Ob0 /Od /RTC1 /showIncludes /FoCMakeFiles\cmTC_b0cac.dir\CheckIncludeFile.c.obj /FdCMakeFiles\cmTC_b0cac.dir\ /FS -c CheckIncludeFile.c
CheckIncludeFile.c(1): fatal error C1083: Cannot open include file: 'pthread.h': No such file or directory
ninja: build stopped: subcommand failed.



Performing C++ SOURCE FILE Test COMPILER_HAS_DEPRECATED_ATTR failed with the following output:
Change Dir: C:/Users/paney/Documents/Studies/Animation_in_3D/EngineForAnimationCourse/out/build/x64-Debug/CMakeFiles/CMakeTmp

Run Build Command(s):C:/Program Files (x86)/Microsoft Visual Studio/2019/Community/Common7/IDE/CommonExtensions/Microsoft/CMake/Ninja/ninja.exe cmTC_e86a6 && [1/2] Building CXX object CMakeFiles\cmTC_e86a6.dir\src.cxx.obj
FAILED: CMakeFiles/cmTC_e86a6.dir/src.cxx.obj 
C:\PROGRA~2\MIB055~1\2019\COMMUN~1\VC\Tools\MSVC\1429~1.301\bin\Hostx64\x64\cl.exe  /nologo /TP -DCOMPILER_HAS_DEPRECATED_ATTR  /DWIN32 /D_WINDOWS /W3 /GR /EHsc  /MDd /Zi /Ob0 /Od /RTC1 /showIncludes /FoCMakeFiles\cmTC_e86a6.dir\src.cxx.obj /FdCMakeFiles\cmTC_e86a6.dir\ /FS -c src.cxx
src.cxx(1): error C2065: '__deprecated__': undeclared identifier
src.cxx(1): error C4430: missing type specifier - int assumed. Note: C++ does not support default-int
src.cxx(1): error C2062: type 'int' unexpected
src.cxx(1): error C2143: syntax error: missing ';' before '{'
src.cxx(1): error C2447: '{': missing function header (old-style formal list?)
src.cxx(2): error C3861: 'somefunc': identifier not found
ninja: build stopped: subcommand failed.


Source file was:
__attribute__((__deprecated__)) int somefunc() { return 0; }
    int main() { return somefunc();}
